빌드 시작: 2013-12-10 오후 1:49:12
     1>2 노드의 "D:\새 폴더\윈플\팀씽크빅최종본\1121Pro2(28)\1121Pro2.vcxproj" 프로젝트(build 대상)입니다.
     1>InitializeBuildStatus:
         "AlwaysCreate"이(가) 지정되었기 때문에 "Release\1121Pro2.unsuccessfulbuild"을(를) 만들고 있습니다.
       ClCompile:
         모든 출력이 최신 상태입니다.
         모든 출력이 최신 상태입니다.
       ResourceCompile:
         모든 출력이 최신 상태입니다.
       Link:
         모든 출력이 최신 상태입니다.
         1121Pro2.vcxproj -> D:\새 폴더\윈플\팀씽크빅최종본\1121Pro2(28)\Release\1121Pro2.exe
       Manifest:
         모든 출력이 최신 상태입니다.
       FinalizeBuildStatus:
         "Release\1121Pro2.unsuccessfulbuild" 파일을 삭제하고 있습니다.
         "Release\1121Pro2.lastbuildstate"에 연결(touching)하고 있습니다.
     1>"D:\새 폴더\윈플\팀씽크빅최종본\1121Pro2(28)\1121Pro2.vcxproj" 프로젝트를 빌드했습니다(build 대상).

빌드했습니다.

경과 시간: 00:00:00.08
